  [1m[35m (38.1ms)[0m  [1m[35mCREATE TABLE "schema_migrations" ("version" character varying PRIMARY KEY)[0m
  [1m[35m (20.0ms)[0m  [1m[35mCREATE TABLE "ar_internal_metadata" ("key" character varying PRIMARY KEY, "value" character varying, "created_at" timestamp NOT NULL, "updated_at" timestamp NOT NULL)[0m
  [1m[35m (0.3ms)[0m  [1m[34mSELECT pg_try_advisory_lock(6873689838911618205);[0m
  [1m[36mActiveRecord::SchemaMigration Load (0.5ms)[0m  [1m[34mSELECT "schema_migrations".* FROM "schema_migrations"[0m
Migrating to CreateUsers (20170215193724)
  [1m[35m (0.2ms)[0m  [1m[35mBEGIN[0m
  [1m[35m (37.2ms)[0m  [1m[35mCREATE TABLE "users" ("id" serial primary key, "username" character varying, "password_digest" character varying, "created_at" timestamp NOT NULL, "updated_at" timestamp NOT NULL)[0m
  [1m[35mSQL (0.6ms)[0m  [1m[32mINSERT INTO "schema_migrations" ("version") VALUES ($1) RETURNING "version"[0m  [["version", "20170215193724"]]
  [1m[35m (16.3ms)[0m  [1m[35mCOMMIT[0m
Migrating to CreateGames (20170215194126)
  [1m[35m (15.7ms)[0m  [1m[35mBEGIN[0m
  [1m[35m (3.1ms)[0m  [1m[35mCREATE TABLE "games" ("id" serial primary key, "winner_id" integer, "loser_id" integer, "created_at" timestamp NOT NULL, "updated_at" timestamp NOT NULL)[0m
  [1m[35mSQL (0.4ms)[0m  [1m[32mINSERT INTO "schema_migrations" ("version") VALUES ($1) RETURNING "version"[0m  [["version", "20170215194126"]]
  [1m[35m (0.6ms)[0m  [1m[35mCOMMIT[0m
Migrating to CreateRounds (20170215200132)
  [1m[35m (0.3ms)[0m  [1m[35mBEGIN[0m
  [1m[35m (5.6ms)[0m  [1m[35mCREATE TABLE "rounds" ("id" serial primary key, "user_id" integer, "board" text, "created_at" timestamp NOT NULL, "updated_at" timestamp NOT NULL, CONSTRAINT "fk_rails_113d07974c"
FOREIGN KEY ("user_id")
  REFERENCES "users" ("id")
)[0m
  [1m[35m (1.1ms)[0m  [1m[35mCREATE  INDEX  "index_rounds_on_user_id" ON "rounds"  ("user_id")[0m
  [1m[35mSQL (0.3ms)[0m  [1m[32mINSERT INTO "schema_migrations" ("version") VALUES ($1) RETURNING "version"[0m  [["version", "20170215200132"]]
  [1m[35m (0.7ms)[0m  [1m[35mCOMMIT[0m
Migrating to AddGameToRounds (20170215224947)
  [1m[35m (0.2ms)[0m  [1m[35mBEGIN[0m
  [1m[35m (0.4ms)[0m  [1m[35mALTER TABLE "rounds" ADD "game_id" integer[0m
  [1m[35m (1.2ms)[0m  [1m[35mCREATE  INDEX  "index_rounds_on_game_id" ON "rounds"  ("game_id")[0m
  [1m[35m (1.2ms)[0m  [1m[35mALTER TABLE "rounds" ADD CONSTRAINT "fk_rails_7812c1b477"
FOREIGN KEY ("game_id")
  REFERENCES "games" ("id")
[0m
  [1m[35mSQL (0.3ms)[0m  [1m[32mINSERT INTO "schema_migrations" ("version") VALUES ($1) RETURNING "version"[0m  [["version", "20170215224947"]]
  [1m[35m (0.8ms)[0m  [1m[35mCOMMIT[0m
Migrating to AddsSecondBoardToRounds (20170215235835)
  [1m[35m (0.2ms)[0m  [1m[35mBEGIN[0m
  [1m[35m (0.4ms)[0m  [1m[35mALTER TABLE "rounds" ADD "board2" text[0m
  [1m[35mSQL (0.3ms)[0m  [1m[32mINSERT INTO "schema_migrations" ("version") VALUES ($1) RETURNING "version"[0m  [["version", "20170215235835"]]
  [1m[35m (0.6ms)[0m  [1m[35mCOMMIT[0m
  [1m[36mActiveRecord::InternalMetadata Load (0.4ms)[0m  [1m[34mSELECT  "ar_internal_metadata".* FROM "ar_internal_metadata" WHERE "ar_internal_metadata"."key" = $1 LIMIT $2[0m  [["key", :environment], ["LIMIT", 1]]
  [1m[35m (0.2ms)[0m  [1m[35mBEGIN[0m
  [1m[35mSQL (0.4ms)[0m  [1m[32mINSERT INTO "ar_internal_metadata" ("key", "value", "created_at", "updated_at") VALUES ($1, $2, $3, $4) RETURNING "key"[0m  [["key", "environment"], ["value", "development"], ["created_at", 2017-02-16 18:24:45 UTC], ["updated_at", 2017-02-16 18:24:45 UTC]]
  [1m[35m (0.7ms)[0m  [1m[35mCOMMIT[0m
  [1m[35m (0.4ms)[0m  [1m[34mSELECT pg_advisory_unlock(6873689838911618205)[0m
  [1m[36mActiveRecord::SchemaMigration Load (0.2ms)[0m  [1m[34mSELECT "schema_migrations".* FROM "schema_migrations"[0m
  [1m[36mActiveRecord::SchemaMigration Load (0.5ms)[0m  [1m[34mSELECT "schema_migrations".* FROM "schema_migrations"[0m
  [1m[35m (3.0ms)[0m  [1m[35mBEGIN[0m
  [1m[35mSQL (0.6ms)[0m  [1m[32mINSERT INTO "users" ("username", "password_digest", "created_at", "updated_at") VALUES ($1, $2, $3, $4) RETURNING "id"[0m  [["username", "maffin"], ["password_digest", "$2a$10$Gjk4D7CS4bEnM5Iq6UrTReAvoJTHZJIzSz1nq477IrLtlhviyO5au"], ["created_at", 2017-02-16 18:24:46 UTC], ["updated_at", 2017-02-16 18:24:46 UTC]]
  [1m[35m (0.9ms)[0m  [1m[35mCOMMIT[0m
  [1m[35m (0.2ms)[0m  [1m[35mBEGIN[0m
  [1m[35mSQL (0.3ms)[0m  [1m[32mINSERT INTO "users" ("username", "password_digest", "created_at", "updated_at") VALUES ($1, $2, $3, $4) RETURNING "id"[0m  [["username", "jonb"], ["password_digest", "$2a$10$RiPbaKpK64lCNXAnOXCi1eai1giIyRaCGUn1KYIQbccDr.pNSsAO."], ["created_at", 2017-02-16 18:24:46 UTC], ["updated_at", 2017-02-16 18:24:46 UTC]]
  [1m[35m (0.7ms)[0m  [1m[35mCOMMIT[0m
  [1m[35m (0.2ms)[0m  [1m[35mBEGIN[0m
  [1m[35mSQL (0.6ms)[0m  [1m[32mINSERT INTO "games" ("winner_id", "loser_id", "created_at", "updated_at") VALUES ($1, $2, $3, $4) RETURNING "id"[0m  [["winner_id", 2], ["loser_id", 1], ["created_at", 2017-02-16 18:24:46 UTC], ["updated_at", 2017-02-16 18:24:46 UTC]]
  [1m[35m (15.9ms)[0m  [1m[35mCOMMIT[0m
  [1m[35m (0.2ms)[0m  [1m[35mBEGIN[0m
  [1m[35mSQL (1.0ms)[0m  [1m[32mINSERT INTO "rounds" ("user_id", "board", "created_at", "updated_at", "game_id", "board2") VALUES ($1, $2, $3, $4, $5, $6) RETURNING "id"[0m  [["user_id", 1], ["board", "[[\"grass\",\"grass\",\"grass\",\"grass\",\"grass\",\"grass\",\"grass\",\"grass\",\"grass\",\"grass\"],[\"grass\",\"grass\",\"grass\",\"grass\",\"grass\",\"grass\",\"grass\",\"grass\",\"grass\",\"grass\"],[\"grass\",\"grass\",\"grass\",\"grass\",\"grass\",\"grass\",\"grass\",\"grass\",\"grass\",\"grass\"],[\"grass\",\"grass\",\"grass\",\"grass\",\"grass\",\"grass\",\"grass\",\"grass\",\"grass\",\"grass\"],[\"grass\",\"grass\",\"grass\",\"grass\",\"grass\",\"grass\",\"grass\",\"grass\",\"grass\",\"grass\"],[\"grass\",\"grass\",\"grass\",\"grass\",\"grass\",\"grass\",\"grass\",\"grass\",\"grass\",\"grass\"],[\"grass\",\"grass\",\"grass\",\"grass\",\"grass\",\"grass\",\"grass\",\"grass\",\"grass\",\"grass\"],[\"grass\",\"grass\",\"grass\",\"grass\",\"grass\",\"grass\",\"grass\",\"grass\",\"grass\",\"grass\"],[\"grass\",\"grass\",\"grass\",\"grass\",\"grass\",\"grass\",\"grass\",\"grass\",\"grass\",\"grass\"],[\"grass\",\"grass\",\"grass\",\"grass\",\"grass\",\"grass\",\"grass\",\"grass\",\"grass\",\"grass\"]]"], ["created_at", 2017-02-16 18:24:46 UTC], ["updated_at", 2017-02-16 18:24:46 UTC], ["game_id", 1], ["board2", "[[\"grass\", \"grass\", \"grass\", \"grass\", \"grass\", \"grass\", \"grass\", \"grass\", \"grass\", \"grass\"], [\"grass\", \"grass\", \"grass\", \"grass\", \"grass\", \"grass\", \"grass\", \"grass\", \"grass\", \"grass\"], [\"grass\", \"grass\", \"grass\", \"grass\", \"grass\", \"grass\", \"grass\", \"grass\", \"grass\", \"grass\"], [\"grass\", \"grass\", \"grass\", \"grass\", \"grass\", \"grass\", \"grass\", \"grass\", \"grass\", \"grass\"], [\"grass\", \"grass\", \"grass\", \"grass\", \"grass\", \"grass\", \"grass\", \"grass\", \"grass\", \"grass\"], [\"grass\", \"grass\", \"grass\", \"grass\", \"grass\", \"grass\", \"grass\", \"grass\", \"grass\", \"grass\"], [\"grass\", \"grass\", \"grass\", \"grass\", \"grass\", \"grass\", \"grass\", \"grass\", \"grass\", \"grass\"], [\"grass\", \"grass\", \"grass\", \"grass\", \"grass\", \"grass\", \"grass\", \"grass\", \"grass\", \"grass\"], [\"grass\", \"grass\", \"grass\", \"grass\", \"grass\", \"grass\", \"grass\", \"grass\", \"grass\", \"grass\"], [\"grass\", \"grass\", \"grass\", \"grass\", \"grass\", \"grass\", \"grass\", \"grass\", \"grass\", \"grass\"]]"]]
  [1m[35m (16.0ms)[0m  [1m[35mCOMMIT[0m
  [1m[36mUser Load (0.6ms)[0m  [1m[34mSELECT "users".* FROM "users"[0m
  [1m[36mUser Load (0.7ms)[0m  [1m[34mSELECT "users".* FROM "users"[0m
  [1m[36mRound Load (0.7ms)[0m  [1m[34mSELECT  "rounds".* FROM "rounds" ORDER BY "rounds"."id" ASC LIMIT $1[0m  [["LIMIT", 1]]
  [1m[36mRound Load (0.7ms)[0m  [1m[34mSELECT  "rounds".* FROM "rounds" ORDER BY "rounds"."id" ASC LIMIT $1[0m  [["LIMIT", 1]]
  [1m[35m (0.3ms)[0m  [1m[35mBEGIN[0m
  [1m[36mUser Load (0.5ms)[0m  [1m[34mSELECT  "users".* FROM "users" WHERE "users"."id" = $1 LIMIT $2[0m  [["id", 1], ["LIMIT", 1]]
  [1m[36mGame Load (0.3ms)[0m  [1m[34mSELECT  "games".* FROM "games" WHERE "games"."id" = $1 LIMIT $2[0m  [["id", 1], ["LIMIT", 1]]
  [1m[35mSQL (0.6ms)[0m  [1m[33mUPDATE "rounds" SET "board" = $1, "updated_at" = $2 WHERE "rounds"."id" = $3[0m  [["board", "[[\"grass\",\"grass\",\"grass\",\"grass\",\"grass\",\"grass\",\"grass\",\"grass\",\"grass\",\"grass\"],[\"grass\",\"sheep\",\"grass\",\"grass\",\"grass\",\"grass\",\"grass\",\"grass\",\"grass\",\"grass\"],[\"grass\",\"sheep\",\"grass\",\"grass\",\"grass\",\"grass\",\"grass\",\"grass\",\"grass\",\"grass\"],[\"grass\",\"sheep\",\"grass\",\"grass\",\"grass\",\"grass\",\"grass\",\"grass\",\"grass\",\"grass\"],[\"grass\",\"sheep\",\"grass\",\"grass\",\"grass\",\"grass\",\"grass\",\"grass\",\"grass\",\"grass\"],[\"grass\",\"sheep\",\"grass\",\"grass\",\"grass\",\"grass\",\"grass\",\"grass\",\"grass\",\"grass\"],[\"grass\",\"grass\",\"grass\",\"grass\",\"grass\",\"grass\",\"grass\",\"grass\",\"grass\",\"grass\"],[\"grass\",\"grass\",\"grass\",\"grass\",\"grass\",\"grass\",\"grass\",\"grass\",\"grass\",\"grass\"],[\"grass\",\"grass\",\"grass\",\"grass\",\"grass\",\"grass\",\"grass\",\"grass\",\"grass\",\"grass\"],[\"grass\",\"grass\",\"grass\",\"grass\",\"grass\",\"grass\",\"grass\",\"grass\",\"grass\",\"grass\"]]"], ["updated_at", 2017-02-16 18:33:00 UTC], ["id", 1]]
  [1m[35m (1.1ms)[0m  [1m[35mCOMMIT[0m
  [1m[36mRound Load (0.9ms)[0m  [1m[34mSELECT  "rounds".* FROM "rounds" ORDER BY "rounds"."id" ASC LIMIT $1[0m  [["LIMIT", 1]]
  [1m[36mUser Load (0.7ms)[0m  [1m[34mSELECT "users".* FROM "users"[0m
  [1m[36mRound Load (0.7ms)[0m  [1m[34mSELECT  "rounds".* FROM "rounds" ORDER BY "rounds"."id" ASC LIMIT $1[0m  [["LIMIT", 1]]
  [1m[36mRound Load (0.7ms)[0m  [1m[34mSELECT  "rounds".* FROM "rounds" ORDER BY "rounds"."id" ASC LIMIT $1[0m  [["LIMIT", 1]]
  [1m[36mUser Load (0.6ms)[0m  [1m[34mSELECT "users".* FROM "users"[0m
  [1m[36mRound Load (0.5ms)[0m  [1m[34mSELECT  "rounds".* FROM "rounds" ORDER BY "rounds"."id" ASC LIMIT $1[0m  [["LIMIT", 1]]
  [1m[36mRound Load (0.5ms)[0m  [1m[34mSELECT  "rounds".* FROM "rounds" ORDER BY "rounds"."id" ASC LIMIT $1[0m  [["LIMIT", 1]]
  [1m[35m (0.4ms)[0m  [1m[34mSELECT pg_try_advisory_lock(6873689838911618205);[0m
  [1m[36mActiveRecord::SchemaMigration Load (0.5ms)[0m  [1m[34mSELECT "schema_migrations".* FROM "schema_migrations"[0m
Migrating to ChangeGameToStat (20170216194329)
  [1m[35m (0.2ms)[0m  [1m[35mBEGIN[0m
  [1m[35m (1.0ms)[0m  [1m[35mALTER TABLE "games" RENAME TO "stats"[0m
  [1m[35m (0.3ms)[0m  [1m[35mALTER TABLE "public"."games_id_seq" RENAME TO "stats_id_seq"[0m
  [1m[35m (0.3ms)[0m  [1m[35mALTER INDEX "games_pkey" RENAME TO "stats_pkey"[0m
  [1m[35mSQL (0.5ms)[0m  [1m[32mINSERT INTO "schema_migrations" ("version") VALUES ($1) RETURNING "version"[0m  [["version", "20170216194329"]]
  [1m[35m (1.2ms)[0m  [1m[35mCOMMIT[0m
Migrating to ChangeRoundToGame (20170216194339)
  [1m[35m (0.2ms)[0m  [1m[35mBEGIN[0m
  [1m[35m (0.4ms)[0m  [1m[35mALTER TABLE "rounds" RENAME TO "games"[0m
  [1m[35m (0.3ms)[0m  [1m[35mALTER TABLE "public"."rounds_id_seq" RENAME TO "games_id_seq"[0m
  [1m[35m (0.2ms)[0m  [1m[35mALTER INDEX "rounds_pkey" RENAME TO "games_pkey"[0m
  [1m[35m (0.2ms)[0m  [1m[35mALTER INDEX "index_rounds_on_game_id" RENAME TO "index_games_on_game_id"[0m
  [1m[35m (0.2ms)[0m  [1m[35mALTER INDEX "index_rounds_on_user_id" RENAME TO "index_games_on_user_id"[0m
  [1m[35mSQL (0.3ms)[0m  [1m[32mINSERT INTO "schema_migrations" ("version") VALUES ($1) RETURNING "version"[0m  [["version", "20170216194339"]]
  [1m[35m (0.6ms)[0m  [1m[35mCOMMIT[0m
  [1m[36mActiveRecord::InternalMetadata Load (0.4ms)[0m  [1m[34mSELECT  "ar_internal_metadata".* FROM "ar_internal_metadata" WHERE "ar_internal_metadata"."key" = $1 LIMIT $2[0m  [["key", :environment], ["LIMIT", 1]]
  [1m[35m (0.2ms)[0m  [1m[35mBEGIN[0m
  [1m[35m (0.2ms)[0m  [1m[35mCOMMIT[0m
  [1m[35m (0.3ms)[0m  [1m[34mSELECT pg_advisory_unlock(6873689838911618205)[0m
  [1m[36mActiveRecord::SchemaMigration Load (0.3ms)[0m  [1m[34mSELECT "schema_migrations".* FROM "schema_migrations"[0m
  [1m[36mGame Load (0.6ms)[0m  [1m[34mSELECT "games".* FROM "games"[0m
  [1m[36mStat Load (1.0ms)[0m  [1m[34mSELECT "stats".* FROM "stats"[0m
  [1m[36mGame Load (0.8ms)[0m  [1m[34mSELECT "games".* FROM "games"[0m
  [1m[35m (0.2ms)[0m  [1m[34mSELECT pg_try_advisory_lock(6873689838911618205);[0m
  [1m[36mActiveRecord::SchemaMigration Load (0.7ms)[0m  [1m[34mSELECT "schema_migrations".* FROM "schema_migrations"[0m
Migrating to RemoveGameBoardFromGame (20170216195002)
  [1m[35m (0.2ms)[0m  [1m[35mBEGIN[0m
  [1m[35m (1.0ms)[0m  [1m[35mALTER TABLE "games" DROP "board2"[0m
  [1m[35mSQL (0.5ms)[0m  [1m[32mINSERT INTO "schema_migrations" ("version") VALUES ($1) RETURNING "version"[0m  [["version", "20170216195002"]]
  [1m[35m (0.6ms)[0m  [1m[35mCOMMIT[0m
  [1m[36mActiveRecord::InternalMetadata Load (0.4ms)[0m  [1m[34mSELECT  "ar_internal_metadata".* FROM "ar_internal_metadata" WHERE "ar_internal_metadata"."key" = $1 LIMIT $2[0m  [["key", :environment], ["LIMIT", 1]]
  [1m[35m (0.2ms)[0m  [1m[35mBEGIN[0m
  [1m[35m (0.1ms)[0m  [1m[35mCOMMIT[0m
  [1m[35m (0.2ms)[0m  [1m[34mSELECT pg_advisory_unlock(6873689838911618205)[0m
  [1m[36mActiveRecord::SchemaMigration Load (0.3ms)[0m  [1m[34mSELECT "schema_migrations".* FROM "schema_migrations"[0m
  [1m[36mGame Load (0.6ms)[0m  [1m[34mSELECT  "games".* FROM "games" ORDER BY "games"."id" ASC LIMIT $1[0m  [["LIMIT", 1]]
  [1m[35m (0.2ms)[0m  [1m[34mSELECT pg_try_advisory_lock(6873689838911618205);[0m
  [1m[36mActiveRecord::SchemaMigration Load (0.6ms)[0m  [1m[34mSELECT "schema_migrations".* FROM "schema_migrations"[0m
Migrating to ChangeStatToGame (20170216201241)
  [1m[35m (0.3ms)[0m  [1m[34mSELECT pg_advisory_unlock(6873689838911618205)[0m
  [1m[35m (0.2ms)[0m  [1m[34mSELECT pg_try_advisory_lock(6873689838911618205);[0m
  [1m[36mActiveRecord::SchemaMigration Load (0.6ms)[0m  [1m[34mSELECT "schema_migrations".* FROM "schema_migrations"[0m
Migrating to ChangeStatToGame (20170216201241)
  [1m[35m (0.3ms)[0m  [1m[34mSELECT pg_advisory_unlock(6873689838911618205)[0m
  [1m[35m (0.2ms)[0m  [1m[34mSELECT pg_try_advisory_lock(6873689838911618205);[0m
  [1m[36mActiveRecord::SchemaMigration Load (0.5ms)[0m  [1m[34mSELECT "schema_migrations".* FROM "schema_migrations"[0m
Migrating to ChangeStatToGame (20170216201241)
  [1m[35m (0.3ms)[0m  [1m[34mSELECT pg_advisory_unlock(6873689838911618205)[0m
  [1m[35m (0.2ms)[0m  [1m[34mSELECT pg_try_advisory_lock(6873689838911618205);[0m
  [1m[36mActiveRecord::SchemaMigration Load (0.5ms)[0m  [1m[34mSELECT "schema_migrations".* FROM "schema_migrations"[0m
Migrating to ChangeGameToSide (20170216201906)
  [1m[35m (0.2ms)[0m  [1m[35mBEGIN[0m
  [1m[35m (1.1ms)[0m  [1m[35mALTER TABLE "games" RENAME TO "sides"[0m
  [1m[35m (0.4ms)[0m  [1m[35mALTER TABLE "public"."games_id_seq" RENAME TO "sides_id_seq"[0m
  [1m[35m (0.6ms)[0m  [1m[35mALTER INDEX "games_pkey" RENAME TO "sides_pkey"[0m
  [1m[35m (0.2ms)[0m  [1m[35mALTER INDEX "index_games_on_game_id" RENAME TO "index_sides_on_game_id"[0m
  [1m[35m (0.1ms)[0m  [1m[35mALTER INDEX "index_games_on_user_id" RENAME TO "index_sides_on_user_id"[0m
  [1m[35mSQL (0.4ms)[0m  [1m[32mINSERT INTO "schema_migrations" ("version") VALUES ($1) RETURNING "version"[0m  [["version", "20170216201906"]]
  [1m[35m (1.1ms)[0m  [1m[35mCOMMIT[0m
Migrating to ChangeStatToGame (20170216201912)
  [1m[35m (0.2ms)[0m  [1m[35mBEGIN[0m
  [1m[35m (0.4ms)[0m  [1m[35mALTER TABLE "stats" RENAME TO "games"[0m
  [1m[35m (0.2ms)[0m  [1m[35mALTER TABLE "public"."stats_id_seq" RENAME TO "games_id_seq"[0m
  [1m[35m (0.3ms)[0m  [1m[35mALTER INDEX "stats_pkey" RENAME TO "games_pkey"[0m
  [1m[35mSQL (0.3ms)[0m  [1m[32mINSERT INTO "schema_migrations" ("version") VALUES ($1) RETURNING "version"[0m  [["version", "20170216201912"]]
  [1m[35m (0.7ms)[0m  [1m[35mCOMMIT[0m
  [1m[36mActiveRecord::InternalMetadata Load (0.4ms)[0m  [1m[34mSELECT  "ar_internal_metadata".* FROM "ar_internal_metadata" WHERE "ar_internal_metadata"."key" = $1 LIMIT $2[0m  [["key", :environment], ["LIMIT", 1]]
  [1m[35m (0.2ms)[0m  [1m[35mBEGIN[0m
  [1m[35m (0.1ms)[0m  [1m[35mCOMMIT[0m
  [1m[35m (0.3ms)[0m  [1m[34mSELECT pg_advisory_unlock(6873689838911618205)[0m
  [1m[36mActiveRecord::SchemaMigration Load (0.2ms)[0m  [1m[34mSELECT "schema_migrations".* FROM "schema_migrations"[0m
  [1m[36mGame Load (0.6ms)[0m  [1m[34mSELECT "games".* FROM "games"[0m
  [1m[36mSide Load (1.0ms)[0m  [1m[34mSELECT "sides".* FROM "sides"[0m
  [1m[35m (0.2ms)[0m  [1m[34mSELECT pg_try_advisory_lock(6873689838911618205);[0m
  [1m[36mActiveRecord::SchemaMigration Load (0.7ms)[0m  [1m[34mSELECT "schema_migrations".* FROM "schema_migrations"[0m
Migrating to CreateStages (20170216203045)
  [1m[35m (0.2ms)[0m  [1m[35mBEGIN[0m
  [1m[35m (5.5ms)[0m  [1m[35mCREATE TABLE "stages" ("id" serial primary key, "game_id" integer, "player1_move" text, "player2_move" text, "created_at" timestamp NOT NULL, "updated_at" timestamp NOT NULL, CONSTRAINT "fk_rails_0f29f9604e"
FOREIGN KEY ("game_id")
  REFERENCES "games" ("id")
)[0m
  [1m[35m (1.3ms)[0m  [1m[35mCREATE  INDEX  "index_stages_on_game_id" ON "stages"  ("game_id")[0m
  [1m[35mSQL (0.5ms)[0m  [1m[32mINSERT INTO "schema_migrations" ("version") VALUES ($1) RETURNING "version"[0m  [["version", "20170216203045"]]
  [1m[35m (1.6ms)[0m  [1m[35mCOMMIT[0m
  [1m[36mActiveRecord::InternalMetadata Load (0.4ms)[0m  [1m[34mSELECT  "ar_internal_metadata".* FROM "ar_internal_metadata" WHERE "ar_internal_metadata"."key" = $1 LIMIT $2[0m  [["key", :environment], ["LIMIT", 1]]
  [1m[35m (0.4ms)[0m  [1m[35mBEGIN[0m
  [1m[35m (0.2ms)[0m  [1m[35mCOMMIT[0m
  [1m[35m (0.4ms)[0m  [1m[34mSELECT pg_advisory_unlock(6873689838911618205)[0m
  [1m[36mActiveRecord::SchemaMigration Load (0.3ms)[0m  [1m[34mSELECT "schema_migrations".* FROM "schema_migrations"[0m
